C:\DATA\RAY\APPS\GITHUB\ADMIXSIMUL\X64\RELEASE\TESTEXPRESSION.OBJ
C:\DATA\RAY\APPS\GITHUB\ADMIXSIMUL\X64\RELEASE\SIMULATION.OBJ
C:\DATA\RAY\APPS\GITHUB\ADMIXSIMUL\X64\RELEASE\POPULATION.OBJ
C:\DATA\RAY\APPS\GITHUB\ADMIXSIMUL\X64\RELEASE\PARSER.OBJ
C:\DATA\RAY\APPS\GITHUB\ADMIXSIMUL\X64\RELEASE\NEWRAN.OBJ
C:\DATA\RAY\APPS\GITHUB\ADMIXSIMUL\X64\RELEASE\MYEXCEPT.OBJ
C:\DATA\RAY\APPS\GITHUB\ADMIXSIMUL\X64\RELEASE\HIST.OBJ
C:\DATA\RAY\APPS\GITHUB\ADMIXSIMUL\X64\RELEASE\EXTREAL.OBJ
C:\DATA\RAY\APPS\GITHUB\ADMIXSIMUL\X64\RELEASE\MATHS.OBJ
C:\DATA\RAY\APPS\GITHUB\ADMIXSIMUL\X64\RELEASE\MAKEMARKERFILE.OBJ
C:\DATA\RAY\APPS\GITHUB\ADMIXSIMUL\X64\RELEASE\MAIN.OBJ
C:\DATA\RAY\APPS\GITHUB\ADMIXSIMUL\X64\RELEASE\INDIVIDUAL.OBJ
C:\DATA\RAY\APPS\GITHUB\ADMIXSIMUL\X64\RELEASE\FILESYSTEM.OBJ
C:\DATA\RAY\APPS\GITHUB\ADMIXSIMUL\X64\RELEASE\CONFIG.OBJ
C:\DATA\RAY\APPS\GITHUB\ADMIXSIMUL\X64\RELEASE\VC110.PDB
C:\DATA\RAY\APPS\GITHUB\ADMIXSIMUL\X64\RELEASE\ADMIXSIMUL.EXE
C:\DATA\RAY\APPS\GITHUB\ADMIXSIMUL\X64\RELEASE\ADMIXSIMUL.PDB
D:\data\Ray\apps\github\admixsimul\x64\Release\config.obj
D:\data\Ray\apps\github\admixsimul\x64\Release\extreal.obj
D:\data\Ray\apps\github\admixsimul\x64\Release\filesystem.obj
D:\data\Ray\apps\github\admixsimul\x64\Release\hist.obj
D:\data\Ray\apps\github\admixsimul\x64\Release\Individual.obj
D:\data\Ray\apps\github\admixsimul\x64\Release\main.obj
D:\data\Ray\apps\github\admixsimul\x64\Release\makemarkerfile.obj
D:\data\Ray\apps\github\admixsimul\x64\Release\maths.obj
D:\data\Ray\apps\github\admixsimul\x64\Release\myexcept.obj
D:\data\Ray\apps\github\admixsimul\x64\Release\newran.obj
D:\data\Ray\apps\github\admixsimul\x64\Release\parser.obj
D:\data\Ray\apps\github\admixsimul\x64\Release\Population.obj
D:\data\Ray\apps\github\admixsimul\x64\Release\simulation.obj
D:\data\Ray\apps\github\admixsimul\x64\Release\testexpression.obj
D:\data\Ray\apps\github\admixsimul\x64\Release\cl.command.1.tlog
D:\data\Ray\apps\github\admixsimul\x64\Release\CL.read.1.tlog
D:\data\Ray\apps\github\admixsimul\x64\Release\CL.write.1.tlog
D:\data\Ray\apps\github\admixsimul\x64\Release\link-cvtres.read.1.tlog
D:\data\Ray\apps\github\admixsimul\x64\Release\link-cvtres.write.1.tlog
D:\data\Ray\apps\github\admixsimul\x64\Release\link-rc.read.1.tlog
D:\data\Ray\apps\github\admixsimul\x64\Release\link-rc.write.1.tlog
D:\data\Ray\apps\github\admixsimul\x64\Release\link.command.1.tlog
D:\data\Ray\apps\github\admixsimul\x64\Release\link.read.1.tlog
D:\data\Ray\apps\github\admixsimul\x64\Release\link.read.2.tlog
D:\data\Ray\apps\github\admixsimul\x64\Release\link.read.3.tlog
D:\data\Ray\apps\github\admixsimul\x64\Release\link.read.4.tlog
D:\data\Ray\apps\github\admixsimul\x64\Release\link.read.5.tlog
D:\data\Ray\apps\github\admixsimul\x64\Release\link.write.1.tlog
D:\data\Ray\apps\github\admixsimul\x64\Release\admixsimul.pdb
D:\data\Ray\apps\github\admixsimul\x64\Release\vc110.pdb
D:\data\Ray\apps\github\admixsimul\x64\Release\admixsimul.exe
