Build started 5/16/2013 11:47:05 AM.
     1>Project "C:\Users\rcui\Documents\GitHub\admixsimul\admixsimul.vcxproj" on node 2 (Build target(s)).
     1>ClCompile:
         c:\Program Files (x86)\Microsoft Visual Studio 10.0\VC\bin\CL.exe /c /Zi /nologo /W3 /WX- /Od /Oy- /D WIN32 /D _DEBUG /D _CONSOLE /Gm /EHsc /RTC1 /MDd /GS /fp:precise /Zc:wchar_t /Zc:forScope /Fo"Debug\\" /Fd"Debug\vc100.pdb" /Gd /TP /analyze- /errorReport:prompt simulation.cpp
         simulation.cpp
     1>simulation.cpp(164): warning C4244: 'initializing' : conversion from 'const double' to 'int', possible loss of data
     1>simulation.cpp(264): warning C4996: 'scanf': This function or variable may be unsafe. Consider using scanf_s instead. To disable deprecation, use _CRT_SECURE_NO_WARNINGS. See online help for details.
                 c:\Program Files (x86)\Microsoft Visual Studio 10.0\VC\include\stdio.h(304) : see declaration of 'scanf'
     1>simulation.cpp(276): warning C4996: 'scanf': This function or variable may be unsafe. Consider using scanf_s instead. To disable deprecation, use _CRT_SECURE_NO_WARNINGS. See online help for details.
                 c:\Program Files (x86)\Microsoft Visual Studio 10.0\VC\include\stdio.h(304) : see declaration of 'scanf'
     1>simulation.cpp(288): warning C4996: 'scanf': This function or variable may be unsafe. Consider using scanf_s instead. To disable deprecation, use _CRT_SECURE_NO_WARNINGS. See online help for details.
                 c:\Program Files (x86)\Microsoft Visual Studio 10.0\VC\include\stdio.h(304) : see declaration of 'scanf'
       Link:
         c:\Program Files (x86)\Microsoft Visual Studio 10.0\VC\bin\link.exe /ERRORREPORT:PROMPT /OUT:"C:\Users\rcui\Documents\GitHub\admixsimul\Debug\admixsimul.exe" /INCREMENTAL:NO /NOLOGO kernel32.lib user32.lib gdi32.lib winspool.lib comdlg32.lib advapi32.lib shell32.lib ole32.lib oleaut32.lib uuid.lib odbc32.lib odbccp32.lib /MANIFEST /ManifestFile:"Debug\admixsimul.exe.intermediate.manifest" /MANIFESTUAC:"level='asInvoker' uiAccess='false'" /DEBUG /PDB:"C:\Users\rcui\Documents\GitHub\admixsimul\Debug\admixsimul.pdb" /SUBSYSTEM:CONSOLE /TLBID:1 /DYNAMICBASE /NXCOMPAT /IMPLIB:"C:\Users\rcui\Documents\GitHub\admixsimul\Debug\admixsimul.lib" /MACHINE:X86 Debug\config.obj
         Debug\filesystem.obj
         Debug\Individual.obj
         Debug\main.obj
         Debug\makemarkerfile.obj
         Debug\maths.obj
         Debug\extreal.obj
         Debug\hist.obj
         Debug\myexcept.obj
         Debug\newran.obj
         Debug\parser.obj
         Debug\Population.obj
         Debug\simulation.obj
         Debug\testexpression.obj
         admixsimul.vcxproj -> C:\Users\rcui\Documents\GitHub\admixsimul\Debug\admixsimul.exe
       Manifest:
         C:\Program Files (x86)\Microsoft SDKs\Windows\v7.0A\bin\mt.exe /nologo /verbose /outputresource:"C:\Users\rcui\Documents\GitHub\admixsimul\Debug\admixsimul.exe;#1" /manifest Debug\admixsimul.exe.intermediate.manifest
     1>Done Building Project "C:\Users\rcui\Documents\GitHub\admixsimul\admixsimul.vcxproj" (Build target(s)).

Build succeeded.

Time Elapsed 00:00:04.32
