C:\USERS\RCUI\DOCUMENTS\GITHUB\ADMIXSIMUL\DEBUG\CONFIG.OBJ
C:\USERS\RCUI\DOCUMENTS\GITHUB\ADMIXSIMUL\DEBUG\FILESYSTEM.OBJ
C:\USERS\RCUI\DOCUMENTS\GITHUB\ADMIXSIMUL\DEBUG\INDIVIDUAL.OBJ
C:\USERS\RCUI\DOCUMENTS\GITHUB\ADMIXSIMUL\DEBUG\MAIN.OBJ
C:\USERS\RCUI\DOCUMENTS\GITHUB\ADMIXSIMUL\DEBUG\MAKEMARKERFILE.OBJ
C:\USERS\RCUI\DOCUMENTS\GITHUB\ADMIXSIMUL\DEBUG\MATHS.OBJ
C:\USERS\RCUI\DOCUMENTS\GITHUB\ADMIXSIMUL\DEBUG\EXTREAL.OBJ
C:\USERS\RCUI\DOCUMENTS\GITHUB\ADMIXSIMUL\DEBUG\HIST.OBJ
C:\USERS\RCUI\DOCUMENTS\GITHUB\ADMIXSIMUL\DEBUG\MYEXCEPT.OBJ
C:\USERS\RCUI\DOCUMENTS\GITHUB\ADMIXSIMUL\DEBUG\NEWRAN.OBJ
C:\USERS\RCUI\DOCUMENTS\GITHUB\ADMIXSIMUL\DEBUG\PARSER.OBJ
C:\USERS\RCUI\DOCUMENTS\GITHUB\ADMIXSIMUL\DEBUG\POPULATION.OBJ
C:\USERS\RCUI\DOCUMENTS\GITHUB\ADMIXSIMUL\DEBUG\SIMULATION.OBJ
C:\USERS\RCUI\DOCUMENTS\GITHUB\ADMIXSIMUL\DEBUG\TESTEXPRESSION.OBJ
C:\USERS\RCUI\DOCUMENTS\GITHUB\ADMIXSIMUL\DEBUG\VC100.PDB
C:\USERS\RCUI\DOCUMENTS\GITHUB\ADMIXSIMUL\DEBUG\ADMIXSIMUL.EXE
C:\USERS\RCUI\DOCUMENTS\GITHUB\ADMIXSIMUL\DEBUG\ADMIXSIMUL.EXE.INTERMEDIATE.MANIFEST
C:\USERS\RCUI\DOCUMENTS\GITHUB\ADMIXSIMUL\DEBUG\ADMIXSIMUL.PDB
C:\USERS\RCUI\DOCUMENTS\GITHUB\ADMIXSIMUL\DEBUG\ADMIXSIMUL.EXE.EMBED.MANIFEST.RES
C:\Users\rcui\Documents\GitHub\admixsimul\Debug\config.obj
C:\Users\rcui\Documents\GitHub\admixsimul\Debug\extreal.obj
C:\Users\rcui\Documents\GitHub\admixsimul\Debug\filesystem.obj
C:\Users\rcui\Documents\GitHub\admixsimul\Debug\hist.obj
C:\Users\rcui\Documents\GitHub\admixsimul\Debug\Individual.obj
C:\Users\rcui\Documents\GitHub\admixsimul\Debug\main.obj
C:\Users\rcui\Documents\GitHub\admixsimul\Debug\makemarkerfile.obj
C:\Users\rcui\Documents\GitHub\admixsimul\Debug\maths.obj
C:\Users\rcui\Documents\GitHub\admixsimul\Debug\myexcept.obj
C:\Users\rcui\Documents\GitHub\admixsimul\Debug\newran.obj
C:\Users\rcui\Documents\GitHub\admixsimul\Debug\parser.obj
C:\Users\rcui\Documents\GitHub\admixsimul\Debug\Population.obj
C:\Users\rcui\Documents\GitHub\admixsimul\Debug\simulation.obj
C:\Users\rcui\Documents\GitHub\admixsimul\Debug\testexpression.obj
C:\Users\rcui\Documents\GitHub\admixsimul\Debug\cl.command.1.tlog
C:\Users\rcui\Documents\GitHub\admixsimul\Debug\CL.read.1.tlog
C:\Users\rcui\Documents\GitHub\admixsimul\Debug\CL.write.1.tlog
C:\Users\rcui\Documents\GitHub\admixsimul\Debug\link.command.1.tlog
C:\Users\rcui\Documents\GitHub\admixsimul\Debug\link.read.1.tlog
C:\Users\rcui\Documents\GitHub\admixsimul\Debug\link.write.1.tlog
C:\Users\rcui\Documents\GitHub\admixsimul\Debug\mt.command.1.tlog
C:\Users\rcui\Documents\GitHub\admixsimul\Debug\mt.read.1.tlog
C:\Users\rcui\Documents\GitHub\admixsimul\Debug\mt.write.1.tlog
C:\Users\rcui\Documents\GitHub\admixsimul\Debug\rc.command.1.tlog
C:\Users\rcui\Documents\GitHub\admixsimul\Debug\rc.read.1.tlog
C:\Users\rcui\Documents\GitHub\admixsimul\Debug\rc.write.1.tlog
C:\Users\rcui\Documents\GitHub\admixsimul\Debug\admixsimul.exe.embed.manifest
C:\Users\rcui\Documents\GitHub\admixsimul\Debug\admixsimul.exe.intermediate.manifest
C:\Users\rcui\Documents\GitHub\admixsimul\Debug\admixsimul.exe.embed.manifest.res
C:\Users\rcui\Documents\GitHub\admixsimul\Debug\vc100.idb
C:\Users\rcui\Documents\GitHub\admixsimul\Debug\admixsimul.pdb
C:\Users\rcui\Documents\GitHub\admixsimul\Debug\vc100.pdb
C:\Users\rcui\Documents\GitHub\admixsimul\Debug\admixsimul_manifest.rc
C:\Users\rcui\Documents\GitHub\admixsimul\Debug\admixsimul.exe
