Build started 3/25/2014 11:55:02 AM.
     1>Project "C:\Users\rcui\Documents\GitHub\admixsimul\admixsimul.vcxproj" on node 2 (Build target(s)).
     1>Link:
         C:\Program Files (x86)\Microsoft Visual Studio 11.0\VC\bin\x86_amd64\link.exe /ERRORREPORT:PROMPT /OUT:"C:\Users\rcui\Documents\GitHub\admixsimul\x64\Debug\admixsimul.exe" /INCREMENTAL /NOLOGO kernel32.lib user32.lib gdi32.lib winspool.lib comdlg32.lib advapi32.lib shell32.lib ole32.lib oleaut32.lib uuid.lib odbc32.lib odbccp32.lib /MANIFEST /MANIFESTUAC:"level='asInvoker' uiAccess='false'" /manifest:embed /DEBUG /PDB:"C:\Users\rcui\Documents\GitHub\admixsimul\x64\Debug\admixsimul.pdb" /SUBSYSTEM:CONSOLE /TLBID:1 /DYNAMICBASE /NXCOMPAT /IMPLIB:"C:\Users\rcui\Documents\GitHub\admixsimul\x64\Debug\admixsimul.lib" /MACHINE:X64 x64\Debug\config.obj
         x64\Debug\filesystem.obj
         x64\Debug\Individual.obj
         x64\Debug\main.obj
         x64\Debug\makemarkerfile.obj
         x64\Debug\maths.obj
         x64\Debug\extreal.obj
         x64\Debug\hist.obj
         x64\Debug\myexcept.obj
         x64\Debug\newran.obj
         x64\Debug\parser.obj
         x64\Debug\Population.obj
         x64\Debug\simulation.obj
         x64\Debug\testexpression.obj
         admixsimul.vcxproj -> C:\Users\rcui\Documents\GitHub\admixsimul\x64\Debug\admixsimul.exe
     1>Done Building Project "C:\Users\rcui\Documents\GitHub\admixsimul\admixsimul.vcxproj" (Build target(s)).

Build succeeded.

Time Elapsed 00:00:04.68
