K:\APPS\GITHUB\ADMIXSIMUL\X64\DEBUG\CONFIG.OBJ
K:\APPS\GITHUB\ADMIXSIMUL\X64\DEBUG\FILESYSTEM.OBJ
K:\APPS\GITHUB\ADMIXSIMUL\X64\DEBUG\MAIN.OBJ
K:\APPS\GITHUB\ADMIXSIMUL\X64\DEBUG\MAKEMARKERFILE.OBJ
K:\APPS\GITHUB\ADMIXSIMUL\X64\DEBUG\MATHS.OBJ
K:\APPS\GITHUB\ADMIXSIMUL\X64\DEBUG\EXTREAL.OBJ
K:\APPS\GITHUB\ADMIXSIMUL\X64\DEBUG\HIST.OBJ
K:\APPS\GITHUB\ADMIXSIMUL\X64\DEBUG\MYEXCEPT.OBJ
K:\APPS\GITHUB\ADMIXSIMUL\X64\DEBUG\NEWRAN.OBJ
K:\APPS\GITHUB\ADMIXSIMUL\X64\DEBUG\PARSER.OBJ
K:\APPS\GITHUB\ADMIXSIMUL\X64\DEBUG\POPULATION.OBJ
K:\APPS\GITHUB\ADMIXSIMUL\X64\DEBUG\SIMULATION.OBJ
K:\APPS\GITHUB\ADMIXSIMUL\X64\DEBUG\TESTEXPRESSION.OBJ
K:\APPS\GITHUB\ADMIXSIMUL\X64\DEBUG\VC110.PDB
K:\APPS\GITHUB\ADMIXSIMUL\X64\DEBUG\INDIVIDUAL.OBJ
K:\apps\github\admixsimul\x64\Debug\config.obj
K:\apps\github\admixsimul\x64\Debug\extreal.obj
K:\apps\github\admixsimul\x64\Debug\filesystem.obj
K:\apps\github\admixsimul\x64\Debug\hist.obj
K:\apps\github\admixsimul\x64\Debug\Individual.obj
K:\apps\github\admixsimul\x64\Debug\main.obj
K:\apps\github\admixsimul\x64\Debug\makemarkerfile.obj
K:\apps\github\admixsimul\x64\Debug\maths.obj
K:\apps\github\admixsimul\x64\Debug\myexcept.obj
K:\apps\github\admixsimul\x64\Debug\newran.obj
K:\apps\github\admixsimul\x64\Debug\parser.obj
K:\apps\github\admixsimul\x64\Debug\Population.obj
K:\apps\github\admixsimul\x64\Debug\simulation.obj
K:\apps\github\admixsimul\x64\Debug\testexpression.obj
K:\apps\github\admixsimul\x64\Debug\cl.command.1.tlog
K:\apps\github\admixsimul\x64\Debug\CL.read.1.tlog
K:\apps\github\admixsimul\x64\Debug\CL.write.1.tlog
K:\apps\github\admixsimul\x64\Debug\link-cvtres.read.1.tlog
K:\apps\github\admixsimul\x64\Debug\link-cvtres.write.1.tlog
K:\apps\github\admixsimul\x64\Debug\link-rc.read.1.tlog
K:\apps\github\admixsimul\x64\Debug\link-rc.write.1.tlog
K:\apps\github\admixsimul\x64\Debug\link.8936-cvtres.read.1.tlog
K:\apps\github\admixsimul\x64\Debug\link.8936-cvtres.write.1.tlog
K:\apps\github\admixsimul\x64\Debug\link.8936-rc.read.1.tlog
K:\apps\github\admixsimul\x64\Debug\link.8936-rc.write.1.tlog
K:\apps\github\admixsimul\x64\Debug\link.8936.read.1.tlog
K:\apps\github\admixsimul\x64\Debug\link.8936.write.1.tlog
K:\apps\github\admixsimul\x64\Debug\link.command.1.tlog
K:\apps\github\admixsimul\x64\Debug\link.read.1.tlog
K:\apps\github\admixsimul\x64\Debug\link.write.1.tlog
K:\apps\github\admixsimul\x64\Debug\vc110.idb
K:\apps\github\admixsimul\x64\Debug\admixsimul.pdb
K:\apps\github\admixsimul\x64\Debug\vc110.pdb
